<?xml version="1.0" encoding="UTF-8"?>
<!-- Generated by org.testng.reporters.JUnitReportReporter -->
<testsuite hostname="P0193521" failures="0" tests="1" name="Cucumber.TestngTestrunner" time="38.266" errors="0" timestamp="2022-11-28T11:08:27 IST" skipped="0">
  <testcase classname="Cucumber.TestngTestrunner" name="runScenario" time="38.266"/>
  <system-out/>
</testsuite> <!-- Cucumber.TestngTestrunner -->
